<?xml version="1.0" encoding="UTF-8"?>
<!-- Generated by org.testng.reporters.JUnitXMLReporter -->
<testsuite ignored="0" hostname="LAPTOP-JENQK1SS" failures="0" tests="5" name="ProjectK Test Cases" time="49.576" errors="0" timestamp="2022-06-28T07:52:49 IST">
  <testcase classname="com.projectk.qa.testcases.TextBoxTest" name="textBoxButtonTest" time="4.553"/>
  <testcase classname="com.projectk.qa.testcases.TextBoxTest" name="dataDriventextBoxButtonTest" time="0.307"/>
  <testcase classname="com.projectk.qa.testcases.TextBoxTest" name="dataDriventextBoxButtonTest" time="0.409"/>
  <testcase classname="com.projectk.qa.testcases.TextBoxTest" name="dataDriventextBoxButtonTest" time="0.338"/>
  <testcase classname="com.projectk.qa.testcases.TextBoxTest" name="dataDriventextBoxButtonTest" time="0.401"/>
</testsuite> <!-- ProjectK Test Cases -->
