<?xml version="1.0" encoding="UTF-8"?>
<!-- Generated by org.testng.reporters.JUnitXMLReporter -->
<testsuite ignored="0" hostname="LAPTOP-JENQK1SS" failures="0" tests="5" name="Command line test" time="118.328" errors="0" timestamp="2022-06-28T14:24:13 IST">
  <testcase classname="com.projectk.qa.testcases.TextBoxTest" name="textBoxButtonTest" time="4.947"/>
  <testcase classname="com.projectk.qa.testcases.TextBoxTest" name="dataDriventextBoxButtonTest" time="0.661"/>
  <testcase classname="com.projectk.qa.testcases.TextBoxTest" name="dataDriventextBoxButtonTest" time="0.91"/>
  <testcase classname="com.projectk.qa.testcases.TextBoxTest" name="dataDriventextBoxButtonTest" time="1.333"/>
  <testcase classname="com.projectk.qa.testcases.TextBoxTest" name="dataDriventextBoxButtonTest" time="1.329"/>
</testsuite> <!-- Command line test -->
