<?xml version="1.0" encoding="UTF-8"?>
<testng-results ignored="0" total="5" passed="5" failed="0" skipped="0">
  <reporter-output>
  </reporter-output>
  <suite started-at="2022-06-28T14:22:14 IST" name="com.projectk.qa.testcases.TextBoxTest" finished-at="2022-06-28T14:24:13 IST" duration-ms="118328">
    <groups>
    </groups>
    <test started-at="2022-06-28T14:22:14 IST" name="Command line test" finished-at="2022-06-28T14:24:13 IST" duration-ms="118328">
      <class name="com.projectk.qa.testcases.TextBoxTest">
        <test-method is-config="true" signature="setUp()[pri:0, instance:com.projectk.qa.testcases.TextBoxTest@9d5509a]" started-at="2022-06-28T14:22:15 IST" name="setUp" finished-at="2022-06-28T14:22:32 IST" duration-ms="17069" status="PASS">
          <reporter-output>
          </reporter-output>
        </test-method> <!-- setUp -->
        <test-method signature="textBoxButtonTest()[pri:1, instance:com.projectk.qa.testcases.TextBoxTest@9d5509a]" started-at="2022-06-28T14:22:32 IST" name="textBoxButtonTest" finished-at="2022-06-28T14:22:37 IST" duration-ms="4947" status="PASS">
          <reporter-output>
          </reporter-output>
        </test-method> <!-- textBoxButtonTest -->
        <test-method is-config="true" signature="tearDown()[pri:0, instance:com.projectk.qa.testcases.TextBoxTest@9d5509a]" started-at="2022-06-28T14:22:37 IST" name="tearDown" finished-at="2022-06-28T14:22:39 IST" duration-ms="2709" status="PASS">
          <reporter-output>
          </reporter-output>
        </test-method> <!-- tearDown -->
        <test-method is-config="true" signature="setUp()[pri:0, instance:com.projectk.qa.testcases.TextBoxTest@9d5509a]" started-at="2022-06-28T14:22:41 IST" name="setUp" finished-at="2022-06-28T14:22:53 IST" duration-ms="11516" status="PASS">
          <reporter-output>
          </reporter-output>
        </test-method> <!-- setUp -->
        <test-method signature="dataDriventextBoxButtonTest(java.lang.String,java.lang.String,java.lang.String,java.lang.String)[pri:2, instance:com.projectk.qa.testcases.TextBoxTest@9d5509a]" started-at="2022-06-28T14:22:53 IST" name="dataDriventextBoxButtonTest" data-provider="getprojectKTestData" finished-at="2022-06-28T14:22:53 IST" duration-ms="661" status="PASS">
          <params>
            <param index="0">
              <value>
                <![CDATA[Kajal]]>
              </value>
            </param>
            <param index="1">
              <value>
                <![CDATA[kajalg@gmail.com]]>
              </value>
            </param>
            <param index="2">
              <value>
                <![CDATA[nagpur]]>
              </value>
            </param>
            <param index="3">
              <value>
                <![CDATA[mount road]]>
              </value>
            </param>
          </params>
          <reporter-output>
          </reporter-output>
        </test-method> <!-- dataDriventextBoxButtonTest -->
        <test-method is-config="true" signature="tearDown()[pri:0, instance:com.projectk.qa.testcases.TextBoxTest@9d5509a]" started-at="2022-06-28T14:22:53 IST" name="tearDown" finished-at="2022-06-28T14:22:55 IST" duration-ms="1632" status="PASS">
          <reporter-output>
          </reporter-output>
        </test-method> <!-- tearDown -->
        <test-method is-config="true" signature="setUp()[pri:0, instance:com.projectk.qa.testcases.TextBoxTest@9d5509a]" started-at="2022-06-28T14:22:55 IST" name="setUp" finished-at="2022-06-28T14:23:26 IST" duration-ms="31151" status="PASS">
          <reporter-output>
          </reporter-output>
        </test-method> <!-- setUp -->
        <test-method signature="dataDriventextBoxButtonTest(java.lang.String,java.lang.String,java.lang.String,java.lang.String)[pri:2, instance:com.projectk.qa.testcases.TextBoxTest@9d5509a]" started-at="2022-06-28T14:23:26 IST" name="dataDriventextBoxButtonTest" data-provider="getprojectKTestData" finished-at="2022-06-28T14:23:27 IST" duration-ms="910" status="PASS">
          <params>
            <param index="0">
              <value>
                <![CDATA[ganesh]]>
              </value>
            </param>
            <param index="1">
              <value>
                <![CDATA[ganeshp@gmail.com]]>
              </value>
            </param>
            <param index="2">
              <value>
                <![CDATA[pune]]>
              </value>
            </param>
            <param index="3">
              <value>
                <![CDATA[kailsah road]]>
              </value>
            </param>
          </params>
          <reporter-output>
          </reporter-output>
        </test-method> <!-- dataDriventextBoxButtonTest -->
        <test-method is-config="true" signature="tearDown()[pri:0, instance:com.projectk.qa.testcases.TextBoxTest@9d5509a]" started-at="2022-06-28T14:23:27 IST" name="tearDown" finished-at="2022-06-28T14:23:28 IST" duration-ms="1360" status="PASS">
          <reporter-output>
          </reporter-output>
        </test-method> <!-- tearDown -->
        <test-method is-config="true" signature="setUp()[pri:0, instance:com.projectk.qa.testcases.TextBoxTest@9d5509a]" started-at="2022-06-28T14:23:28 IST" name="setUp" finished-at="2022-06-28T14:23:38 IST" duration-ms="9855" status="PASS">
          <reporter-output>
          </reporter-output>
        </test-method> <!-- setUp -->
        <test-method signature="dataDriventextBoxButtonTest(java.lang.String,java.lang.String,java.lang.String,java.lang.String)[pri:2, instance:com.projectk.qa.testcases.TextBoxTest@9d5509a]" started-at="2022-06-28T14:23:38 IST" name="dataDriventextBoxButtonTest" data-provider="getprojectKTestData" finished-at="2022-06-28T14:23:40 IST" duration-ms="1333" status="PASS">
          <params>
            <param index="0">
              <value>
                <![CDATA[vipul]]>
              </value>
            </param>
            <param index="1">
              <value>
                <![CDATA[vipulb@gmail.com]]>
              </value>
            </param>
            <param index="2">
              <value>
                <![CDATA[bhopal]]>
              </value>
            </param>
            <param index="3">
              <value>
                <![CDATA[ca road]]>
              </value>
            </param>
          </params>
          <reporter-output>
          </reporter-output>
        </test-method> <!-- dataDriventextBoxButtonTest -->
        <test-method is-config="true" signature="tearDown()[pri:0, instance:com.projectk.qa.testcases.TextBoxTest@9d5509a]" started-at="2022-06-28T14:23:40 IST" name="tearDown" finished-at="2022-06-28T14:23:41 IST" duration-ms="985" status="PASS">
          <reporter-output>
          </reporter-output>
        </test-method> <!-- tearDown -->
        <test-method is-config="true" signature="setUp()[pri:0, instance:com.projectk.qa.testcases.TextBoxTest@9d5509a]" started-at="2022-06-28T14:23:41 IST" name="setUp" finished-at="2022-06-28T14:24:10 IST" duration-ms="29187" status="PASS">
          <reporter-output>
          </reporter-output>
        </test-method> <!-- setUp -->
        <test-method signature="dataDriventextBoxButtonTest(java.lang.String,java.lang.String,java.lang.String,java.lang.String)[pri:2, instance:com.projectk.qa.testcases.TextBoxTest@9d5509a]" started-at="2022-06-28T14:24:10 IST" name="dataDriventextBoxButtonTest" data-provider="getprojectKTestData" finished-at="2022-06-28T14:24:11 IST" duration-ms="1329" status="PASS">
          <params>
            <param index="0">
              <value>
                <![CDATA[ketki]]>
              </value>
            </param>
            <param index="1">
              <value>
                <![CDATA[ketkik@gmail.com]]>
              </value>
            </param>
            <param index="2">
              <value>
                <![CDATA[delhi]]>
              </value>
            </param>
            <param index="3">
              <value>
                <![CDATA[casper road]]>
              </value>
            </param>
          </params>
          <reporter-output>
          </reporter-output>
        </test-method> <!-- dataDriventextBoxButtonTest -->
        <test-method is-config="true" signature="tearDown()[pri:0, instance:com.projectk.qa.testcases.TextBoxTest@9d5509a]" started-at="2022-06-28T14:24:11 IST" name="tearDown" finished-at="2022-06-28T14:24:13 IST" duration-ms="1710" status="PASS">
          <reporter-output>
          </reporter-output>
        </test-method> <!-- tearDown -->
      </class> <!-- com.projectk.qa.testcases.TextBoxTest -->
    </test> <!-- Command line test -->
  </suite> <!-- com.projectk.qa.testcases.TextBoxTest -->
</testng-results>
